d:\programacio 3\informatica grafica\practica1_cuadrado_reescalar\debug\vc140.pdb
d:\programacio 3\informatica grafica\practica1_cuadrado_reescalar\debug\vc140.idb
d:\programacio 3\informatica grafica\practica1_cuadrado_reescalar\debug\shader.obj
d:\programacio 3\informatica grafica\practica1_cuadrado_reescalar\debug\main.obj
d:\programacio 3\informatica grafica\practica1_cuadrado_reescalar\debug\soil.obj
c:\users\ssin\desktop\practica1_cuadrado_reescalar\debug\vc140.pdb
c:\users\ssin\desktop\practica1_cuadrado_reescalar\debug\vc140.idb
c:\users\ssin\desktop\practica1_cuadrado_reescalar\debug\shader.obj
c:\users\ssin\desktop\practica1_cuadrado_reescalar\debug\main.obj
c:\users\ssin\desktop\practica1_cuadrado_reescalar\debug\soil.obj
d:\programacio 3\informatica grafica\practica1_cuadrado_reescalar\debug\practica1.ilk
d:\programacio 3\informatica grafica\practica1_cuadrado_reescalar\debug\practica1.exe
d:\programacio 3\informatica grafica\practica1_cuadrado_reescalar\debug\practica1.pdb
c:\users\ssin\desktop\practica1_cuadrado_reescalar\debug\practica1.ilk
c:\users\ssin\desktop\practica1_cuadrado_reescalar\debug\practica1.exe
c:\users\ssin\desktop\practica1_cuadrado_reescalar\debug\practica1.pdb
c:\users\ssin\desktop\practica1_cuadrado_reescalar\debug\practica1.tlog\cl.command.1.tlog
c:\users\ssin\desktop\practica1_cuadrado_reescalar\debug\practica1.tlog\cl.read.1.tlog
c:\users\ssin\desktop\practica1_cuadrado_reescalar\debug\practica1.tlog\cl.write.1.tlog
c:\users\ssin\desktop\practica1_cuadrado_reescalar\debug\practica1.tlog\link.command.1.tlog
c:\users\ssin\desktop\practica1_cuadrado_reescalar\debug\practica1.tlog\link.read.1.tlog
c:\users\ssin\desktop\practica1_cuadrado_reescalar\debug\practica1.tlog\link.write.1.tlog
